Copyright 1986-2016 Xilinx, Inc. All Rights Reserved.
-----------------------------------------------------------------------------------------------------------------
| Tool Version : Vivado v.2016.3 (win64) Build 1682563 Mon Oct 10 19:07:27 MDT 2016
| Date         : Sat Mar 28 18:17:59 2020
| Host         : Nelson running 64-bit major release  (build 9200)
| Command      : report_methodology -file EggsD_methodology_drc_routed.rpt -rpx EggsD_methodology_drc_routed.rpx
| Design       : EggsD
| Device       : xc7a100tcsg324-1
| Speed File   : -1
| Design State : Routed
-----------------------------------------------------------------------------------------------------------------

Report Methodology

Table of Contents
-----------------
1. REPORT SUMMARY
2. REPORT DETAILS

1. REPORT SUMMARY
-----------------
            Netlist: netlist
          Floorplan: design_1
      Design limits: <entire design considered>
             Max violations: <unlimited>
             Violations found: 152
+-----------+------------------+------------------------------------------------+------------+
| Rule      | Severity         | Description                                    | Violations |
+-----------+------------------+------------------------------------------------+------------+
| TIMING-23 | Critical Warning | Combinatorial loop found                       | 57         |
| TIMING-6  | Warning          | No common primary clock between related clocks | 2          |
| TIMING-17 | Warning          | Non-clocked sequential cell                    | 50         |
| TIMING-18 | Warning          | Missing input or output delay                  | 18         |
| TIMING-20 | Warning          | Non-clocked latch                              | 25         |
+-----------+------------------+------------------------------------------------+------------+

2. REPORT DETAILS
-----------------
TIMING-23#1 Critical Warning
Combinatorial loop found  
A timing loop has been detected on a combinational path. A timing arc has been disabled between countDownTime/min_reg[0]_LDC_i_1__0/I0 and countDownTime/min_reg[0]_LDC_i_1__0/O to disable the timing loop
Related violations: <none>

TIMING-23#2 Critical Warning
Combinatorial loop found  
A timing loop has been detected on a combinational path. A timing arc has been disabled between countDownTime/min_reg[1]_LDC_i_1__0/I1 and countDownTime/min_reg[1]_LDC_i_1__0/O to disable the timing loop
Related violations: <none>

TIMING-23#3 Critical Warning
Combinatorial loop found  
A timing loop has been detected on a combinational path. A timing arc has been disabled between countDownTime/min_reg[2]_LDC_i_1__0/I5 and countDownTime/min_reg[2]_LDC_i_1__0/O to disable the timing loop
Related violations: <none>

TIMING-23#4 Critical Warning
Combinatorial loop found  
A timing loop has been detected on a combinational path. A timing arc has been disabled between countDownTime/min_reg[3]_LDC_i_3__0/I1 and countDownTime/min_reg[3]_LDC_i_3__0/O to disable the timing loop
Related violations: <none>

TIMING-23#5 Critical Warning
Combinatorial loop found  
A timing loop has been detected on a combinational path. A timing arc has been disabled between countDownTime/min_reg[4]_LDC_i_3__0/I1 and countDownTime/min_reg[4]_LDC_i_3__0/O to disable the timing loop
Related violations: <none>

TIMING-23#6 Critical Warning
Combinatorial loop found  
A timing loop has been detected on a combinational path. A timing arc has been disabled between countDownTime/min_reg[5]_LDC_i_3/I1 and countDownTime/min_reg[5]_LDC_i_3/O to disable the timing loop
Related violations: <none>

TIMING-23#7 Critical Warning
Combinatorial loop found  
A timing loop has been detected on a combinational path. A timing arc has been disabled between countDownTime/min_reg[5]_LDC_i_3/I3 and countDownTime/min_reg[5]_LDC_i_3/O to disable the timing loop
Related violations: <none>

TIMING-23#8 Critical Warning
Combinatorial loop found  
A timing loop has been detected on a combinational path. A timing arc has been disabled between countDownTime/min_reg[5]_LDC_i_4__0/I1 and countDownTime/min_reg[5]_LDC_i_4__0/O to disable the timing loop
Related violations: <none>

TIMING-23#9 Critical Warning
Combinatorial loop found  
A timing loop has been detected on a combinational path. A timing arc has been disabled between countDownTime/sec[1]_C_i_1__0/I1 and countDownTime/sec[1]_C_i_1__0/O to disable the timing loop
Related violations: <none>

TIMING-23#10 Critical Warning
Combinatorial loop found  
A timing loop has been detected on a combinational path. A timing arc has been disabled between countDownTime/sec[5]_C_i_1__0/I1 and countDownTime/sec[5]_C_i_1__0/O to disable the timing loop
Related violations: <none>

TIMING-23#11 Critical Warning
Combinatorial loop found  
A timing loop has been detected on a combinational path. A timing arc has been disabled between countDownTime/sec_reg[0]_LDC_i_1__0/I4 and countDownTime/sec_reg[0]_LDC_i_1__0/O to disable the timing loop
Related violations: <none>

TIMING-23#12 Critical Warning
Combinatorial loop found  
A timing loop has been detected on a combinational path. A timing arc has been disabled between countDownTime/sec_reg[2]_LDC_i_1__0/I3 and countDownTime/sec_reg[2]_LDC_i_1__0/O to disable the timing loop
Related violations: <none>

TIMING-23#13 Critical Warning
Combinatorial loop found  
A timing loop has been detected on a combinational path. A timing arc has been disabled between countDownTime/sec_reg[3]_LDC_i_1/I0 and countDownTime/sec_reg[3]_LDC_i_1/O to disable the timing loop
Related violations: <none>

TIMING-23#14 Critical Warning
Combinatorial loop found  
A timing loop has been detected on a combinational path. A timing arc has been disabled between countDownTime/sec_reg[4]_LDC_i_1__0/I0 and countDownTime/sec_reg[4]_LDC_i_1__0/O to disable the timing loop
Related violations: <none>

TIMING-23#15 Critical Warning
Combinatorial loop found  
A timing loop has been detected on a combinational path. A timing arc has been disabled between incrementTime/debounce_min/min_reg[2]_LDC_i_1/I0 and incrementTime/debounce_min/min_reg[2]_LDC_i_1/O to disable the timing loop
Related violations: <none>

TIMING-23#16 Critical Warning
Combinatorial loop found  
A timing loop has been detected on a combinational path. A timing arc has been disabled between incrementTime/debounce_min/min_reg[2]_LDC_i_1/I2 and incrementTime/debounce_min/min_reg[2]_LDC_i_1/O to disable the timing loop
Related violations: <none>

TIMING-23#17 Critical Warning
Combinatorial loop found  
A timing loop has been detected on a combinational path. A timing arc has been disabled between incrementTime/debounce_min/min_reg[3]_LDC_i_1/I0 and incrementTime/debounce_min/min_reg[3]_LDC_i_1/O to disable the timing loop
Related violations: <none>

TIMING-23#18 Critical Warning
Combinatorial loop found  
A timing loop has been detected on a combinational path. A timing arc has been disabled between incrementTime/debounce_min/min_reg[3]_LDC_i_1/I2 and incrementTime/debounce_min/min_reg[3]_LDC_i_1/O to disable the timing loop
Related violations: <none>

TIMING-23#19 Critical Warning
Combinatorial loop found  
A timing loop has been detected on a combinational path. A timing arc has been disabled between incrementTime/debounce_min/min_reg[4]_LDC_i_1/I0 and incrementTime/debounce_min/min_reg[4]_LDC_i_1/O to disable the timing loop
Related violations: <none>

TIMING-23#20 Critical Warning
Combinatorial loop found  
A timing loop has been detected on a combinational path. A timing arc has been disabled between incrementTime/debounce_min/min_reg[4]_LDC_i_1/I1 and incrementTime/debounce_min/min_reg[4]_LDC_i_1/O to disable the timing loop
Related violations: <none>

TIMING-23#21 Critical Warning
Combinatorial loop found  
A timing loop has been detected on a combinational path. A timing arc has been disabled between incrementTime/debounce_min/min_reg[5]_LDC_i_1/I0 and incrementTime/debounce_min/min_reg[5]_LDC_i_1/O to disable the timing loop
Related violations: <none>

TIMING-23#22 Critical Warning
Combinatorial loop found  
A timing loop has been detected on a combinational path. A timing arc has been disabled between incrementTime/debounce_min/min_reg[5]_LDC_i_1/I2 and incrementTime/debounce_min/min_reg[5]_LDC_i_1/O to disable the timing loop
Related violations: <none>

TIMING-23#23 Critical Warning
Combinatorial loop found  
A timing loop has been detected on a combinational path. A timing arc has been disabled between incrementTime/debounce_min/sec_reg[2]_LDC_i_1/I4 and incrementTime/debounce_min/sec_reg[2]_LDC_i_1/O to disable the timing loop
Related violations: <none>

TIMING-23#24 Critical Warning
Combinatorial loop found  
A timing loop has been detected on a combinational path. A timing arc has been disabled between incrementTime/debounce_min/sec_reg[2]_LDC_i_1/I5 and incrementTime/debounce_min/sec_reg[2]_LDC_i_1/O to disable the timing loop
Related violations: <none>

TIMING-23#25 Critical Warning
Combinatorial loop found  
A timing loop has been detected on a combinational path. A timing arc has been disabled between incrementTime/debounce_sec/min_reg[0]_LDC_i_1/I3 and incrementTime/debounce_sec/min_reg[0]_LDC_i_1/O to disable the timing loop
Related violations: <none>

TIMING-23#26 Critical Warning
Combinatorial loop found  
A timing loop has been detected on a combinational path. A timing arc has been disabled between incrementTime/debounce_sec/min_reg[1]_LDC_i_1/I3 and incrementTime/debounce_sec/min_reg[1]_LDC_i_1/O to disable the timing loop
Related violations: <none>

TIMING-23#27 Critical Warning
Combinatorial loop found  
A timing loop has been detected on a combinational path. A timing arc has been disabled between incrementTime/debounce_sec/min_reg[4]_LDC_i_4/I0 and incrementTime/debounce_sec/min_reg[4]_LDC_i_4/O to disable the timing loop
Related violations: <none>

TIMING-23#28 Critical Warning
Combinatorial loop found  
A timing loop has been detected on a combinational path. A timing arc has been disabled between incrementTime/debounce_sec/min_reg[4]_LDC_i_4/I1 and incrementTime/debounce_sec/min_reg[4]_LDC_i_4/O to disable the timing loop
Related violations: <none>

TIMING-23#29 Critical Warning
Combinatorial loop found  
A timing loop has been detected on a combinational path. A timing arc has been disabled between incrementTime/debounce_sec/min_reg[4]_LDC_i_4/I4 and incrementTime/debounce_sec/min_reg[4]_LDC_i_4/O to disable the timing loop
Related violations: <none>

TIMING-23#30 Critical Warning
Combinatorial loop found  
A timing loop has been detected on a combinational path. A timing arc has been disabled between incrementTime/debounce_sec/sec_reg[0]_LDC_i_1/I5 and incrementTime/debounce_sec/sec_reg[0]_LDC_i_1/O to disable the timing loop
Related violations: <none>

TIMING-23#31 Critical Warning
Combinatorial loop found  
A timing loop has been detected on a combinational path. A timing arc has been disabled between incrementTime/debounce_sec/sec_reg[1]_LDC_i_1/I0 and incrementTime/debounce_sec/sec_reg[1]_LDC_i_1/O to disable the timing loop
Related violations: <none>

TIMING-23#32 Critical Warning
Combinatorial loop found  
A timing loop has been detected on a combinational path. A timing arc has been disabled between incrementTime/debounce_sec/sec_reg[4]_LDC_i_1/I0 and incrementTime/debounce_sec/sec_reg[4]_LDC_i_1/O to disable the timing loop
Related violations: <none>

TIMING-23#33 Critical Warning
Combinatorial loop found  
A timing loop has been detected on a combinational path. A timing arc has been disabled between incrementTime/debounce_sec/sec_reg[4]_LDC_i_3/I0 and incrementTime/debounce_sec/sec_reg[4]_LDC_i_3/O to disable the timing loop
Related violations: <none>

TIMING-23#34 Critical Warning
Combinatorial loop found  
A timing loop has been detected on a combinational path. A timing arc has been disabled between incrementTime/debounce_sec/sec_reg[4]_LDC_i_3/I1 and incrementTime/debounce_sec/sec_reg[4]_LDC_i_3/O to disable the timing loop
Related violations: <none>

TIMING-23#35 Critical Warning
Combinatorial loop found  
A timing loop has been detected on a combinational path. A timing arc has been disabled between incrementTime/debounce_sec/sec_reg[4]_LDC_i_3/I2 and incrementTime/debounce_sec/sec_reg[4]_LDC_i_3/O to disable the timing loop
Related violations: <none>

TIMING-23#36 Critical Warning
Combinatorial loop found  
A timing loop has been detected on a combinational path. A timing arc has been disabled between incrementTime/debounce_sec/sec_reg[4]_LDC_i_3/I3 and incrementTime/debounce_sec/sec_reg[4]_LDC_i_3/O to disable the timing loop
Related violations: <none>

TIMING-23#37 Critical Warning
Combinatorial loop found  
A timing loop has been detected on a combinational path. A timing arc has been disabled between incrementTime/debounce_sec/sec_reg[4]_LDC_i_3/I4 and incrementTime/debounce_sec/sec_reg[4]_LDC_i_3/O to disable the timing loop
Related violations: <none>

TIMING-23#38 Critical Warning
Combinatorial loop found  
A timing loop has been detected on a combinational path. A timing arc has been disabled between incrementTime/debounce_sec/sec_reg[5]_LDC_i_4/I1 and incrementTime/debounce_sec/sec_reg[5]_LDC_i_4/O to disable the timing loop
Related violations: <none>

TIMING-23#39 Critical Warning
Combinatorial loop found  
A timing loop has been detected on a combinational path. A timing arc has been disabled between incrementTime/debounce_sec/sec_reg[5]_LDC_i_4/I2 and incrementTime/debounce_sec/sec_reg[5]_LDC_i_4/O to disable the timing loop
Related violations: <none>

TIMING-23#40 Critical Warning
Combinatorial loop found  
A timing loop has been detected on a combinational path. A timing arc has been disabled between incrementTime/debounce_sec/sec_reg[5]_LDC_i_4/I3 and incrementTime/debounce_sec/sec_reg[5]_LDC_i_4/O to disable the timing loop
Related violations: <none>

TIMING-23#41 Critical Warning
Combinatorial loop found  
A timing loop has been detected on a combinational path. A timing arc has been disabled between incrementTime/min_reg[0]_LDC_i_4/I0 and incrementTime/min_reg[0]_LDC_i_4/O to disable the timing loop
Related violations: <none>

TIMING-23#42 Critical Warning
Combinatorial loop found  
A timing loop has been detected on a combinational path. A timing arc has been disabled between incrementTime/min_reg[0]_LDC_i_4/I4 and incrementTime/min_reg[0]_LDC_i_4/O to disable the timing loop
Related violations: <none>

TIMING-23#43 Critical Warning
Combinatorial loop found  
A timing loop has been detected on a combinational path. A timing arc has been disabled between incrementTime/min_reg[0]_LDC_i_4/I5 and incrementTime/min_reg[0]_LDC_i_4/O to disable the timing loop
Related violations: <none>

TIMING-23#44 Critical Warning
Combinatorial loop found  
A timing loop has been detected on a combinational path. A timing arc has been disabled between incrementTime/min_reg[1]_LDC_i_3/I2 and incrementTime/min_reg[1]_LDC_i_3/O to disable the timing loop
Related violations: <none>

TIMING-23#45 Critical Warning
Combinatorial loop found  
A timing loop has been detected on a combinational path. A timing arc has been disabled between incrementTime/min_reg[4]_LDC_i_10/I0 and incrementTime/min_reg[4]_LDC_i_10/O to disable the timing loop
Related violations: <none>

TIMING-23#46 Critical Warning
Combinatorial loop found  
A timing loop has been detected on a combinational path. A timing arc has been disabled between incrementTime/min_reg[5]_LDC_i_4/I1 and incrementTime/min_reg[5]_LDC_i_4/O to disable the timing loop
Related violations: <none>

TIMING-23#47 Critical Warning
Combinatorial loop found  
A timing loop has been detected on a combinational path. A timing arc has been disabled between incrementTime/min_reg[5]_LDC_i_4/I2 and incrementTime/min_reg[5]_LDC_i_4/O to disable the timing loop
Related violations: <none>

TIMING-23#48 Critical Warning
Combinatorial loop found  
A timing loop has been detected on a combinational path. A timing arc has been disabled between incrementTime/min_reg[5]_LDC_i_4/I4 and incrementTime/min_reg[5]_LDC_i_4/O to disable the timing loop
Related violations: <none>

TIMING-23#49 Critical Warning
Combinatorial loop found  
A timing loop has been detected on a combinational path. A timing arc has been disabled between incrementTime/min_reg[5]_LDC_i_6/I0 and incrementTime/min_reg[5]_LDC_i_6/O to disable the timing loop
Related violations: <none>

TIMING-23#50 Critical Warning
Combinatorial loop found  
A timing loop has been detected on a combinational path. A timing arc has been disabled between incrementTime/min_reg[5]_LDC_i_6/I1 and incrementTime/min_reg[5]_LDC_i_6/O to disable the timing loop
Related violations: <none>

TIMING-23#51 Critical Warning
Combinatorial loop found  
A timing loop has been detected on a combinational path. A timing arc has been disabled between incrementTime/sec_reg[3]_LDC_i_3/I1 and incrementTime/sec_reg[3]_LDC_i_3/O to disable the timing loop
Related violations: <none>

TIMING-23#52 Critical Warning
Combinatorial loop found  
A timing loop has been detected on a combinational path. A timing arc has been disabled between incrementTime/sec_reg[5]_LDC_i_3/I4 and incrementTime/sec_reg[5]_LDC_i_3/O to disable the timing loop
Related violations: <none>

TIMING-23#53 Critical Warning
Combinatorial loop found  
A timing loop has been detected on a combinational path. A timing arc has been disabled between incrementTime/sec_reg[5]_LDC_i_8/I1 and incrementTime/sec_reg[5]_LDC_i_8/O to disable the timing loop
Related violations: <none>

TIMING-23#54 Critical Warning
Combinatorial loop found  
A timing loop has been detected on a combinational path. A timing arc has been disabled between incrementTime/sec_reg[5]_LDC_i_9/I0 and incrementTime/sec_reg[5]_LDC_i_9/O to disable the timing loop
Related violations: <none>

TIMING-23#55 Critical Warning
Combinatorial loop found  
A timing loop has been detected on a combinational path. A timing arc has been disabled between incrementTime/sec_reg[5]_LDC_i_9/I2 and incrementTime/sec_reg[5]_LDC_i_9/O to disable the timing loop
Related violations: <none>

TIMING-23#56 Critical Warning
Combinatorial loop found  
A timing loop has been detected on a combinational path. A timing arc has been disabled between incrementTime/sec_reg[5]_LDC_i_9/I3 and incrementTime/sec_reg[5]_LDC_i_9/O to disable the timing loop
Related violations: <none>

TIMING-23#57 Critical Warning
Combinatorial loop found  
A timing loop has been detected on a combinational path. A timing arc has been disabled between incrementTime/sec_reg[5]_LDC_i_9/I4 and incrementTime/sec_reg[5]_LDC_i_9/O to disable the timing loop
Related violations: <none>

TIMING-6#1 Warning
No common primary clock between related clocks  
The clocks clk_out1_clk_wiz_0 and clk_out1_clk_wiz_0_1 are related (timed together) but they have no common primary clock. The design could fail in hardware. To find a timing path between these clocks, run the following command: report_timing -from [get_clocks clk_out1_clk_wiz_0] -to [get_clocks clk_out1_clk_wiz_0_1]
Related violations: <none>

TIMING-6#2 Warning
No common primary clock between related clocks  
The clocks clk_out1_clk_wiz_0_1 and clk_out1_clk_wiz_0 are related (timed together) but they have no common primary clock. The design could fail in hardware. To find a timing path between these clocks, run the following command: report_timing -from [get_clocks clk_out1_clk_wiz_0_1] -to [get_clocks clk_out1_clk_wiz_0]
Related violations: <none>

TIMING-17#1 Warning
Non-clocked sequential cell  
The clock pin countDownTime/finished_reg_C/C is not reached by a timing clock
Related violations: <none>

TIMING-17#2 Warning
Non-clocked sequential cell  
The clock pin countDownTime/finished_reg_P/C is not reached by a timing clock
Related violations: <none>

TIMING-17#3 Warning
Non-clocked sequential cell  
The clock pin countDownTime/min_reg[0]_C/C is not reached by a timing clock
Related violations: <none>

TIMING-17#4 Warning
Non-clocked sequential cell  
The clock pin countDownTime/min_reg[0]_P/C is not reached by a timing clock
Related violations: <none>

TIMING-17#5 Warning
Non-clocked sequential cell  
The clock pin countDownTime/min_reg[1]_C/C is not reached by a timing clock
Related violations: <none>

TIMING-17#6 Warning
Non-clocked sequential cell  
The clock pin countDownTime/min_reg[1]_P/C is not reached by a timing clock
Related violations: <none>

TIMING-17#7 Warning
Non-clocked sequential cell  
The clock pin countDownTime/min_reg[2]_C/C is not reached by a timing clock
Related violations: <none>

TIMING-17#8 Warning
Non-clocked sequential cell  
The clock pin countDownTime/min_reg[2]_P/C is not reached by a timing clock
Related violations: <none>

TIMING-17#9 Warning
Non-clocked sequential cell  
The clock pin countDownTime/min_reg[3]_C/C is not reached by a timing clock
Related violations: <none>

TIMING-17#10 Warning
Non-clocked sequential cell  
The clock pin countDownTime/min_reg[3]_P/C is not reached by a timing clock
Related violations: <none>

TIMING-17#11 Warning
Non-clocked sequential cell  
The clock pin countDownTime/min_reg[4]_C/C is not reached by a timing clock
Related violations: <none>

TIMING-17#12 Warning
Non-clocked sequential cell  
The clock pin countDownTime/min_reg[4]_P/C is not reached by a timing clock
Related violations: <none>

TIMING-17#13 Warning
Non-clocked sequential cell  
The clock pin countDownTime/min_reg[5]_C/C is not reached by a timing clock
Related violations: <none>

TIMING-17#14 Warning
Non-clocked sequential cell  
The clock pin countDownTime/min_reg[5]_P/C is not reached by a timing clock
Related violations: <none>

TIMING-17#15 Warning
Non-clocked sequential cell  
The clock pin countDownTime/sec_reg[0]_C/C is not reached by a timing clock
Related violations: <none>

TIMING-17#16 Warning
Non-clocked sequential cell  
The clock pin countDownTime/sec_reg[0]_P/C is not reached by a timing clock
Related violations: <none>

TIMING-17#17 Warning
Non-clocked sequential cell  
The clock pin countDownTime/sec_reg[1]_C/C is not reached by a timing clock
Related violations: <none>

TIMING-17#18 Warning
Non-clocked sequential cell  
The clock pin countDownTime/sec_reg[1]_P/C is not reached by a timing clock
Related violations: <none>

TIMING-17#19 Warning
Non-clocked sequential cell  
The clock pin countDownTime/sec_reg[2]_C/C is not reached by a timing clock
Related violations: <none>

TIMING-17#20 Warning
Non-clocked sequential cell  
The clock pin countDownTime/sec_reg[2]_P/C is not reached by a timing clock
Related violations: <none>

TIMING-17#21 Warning
Non-clocked sequential cell  
The clock pin countDownTime/sec_reg[3]_C/C is not reached by a timing clock
Related violations: <none>

TIMING-17#22 Warning
Non-clocked sequential cell  
The clock pin countDownTime/sec_reg[3]_P/C is not reached by a timing clock
Related violations: <none>

TIMING-17#23 Warning
Non-clocked sequential cell  
The clock pin countDownTime/sec_reg[4]_C/C is not reached by a timing clock
Related violations: <none>

TIMING-17#24 Warning
Non-clocked sequential cell  
The clock pin countDownTime/sec_reg[4]_P/C is not reached by a timing clock
Related violations: <none>

TIMING-17#25 Warning
Non-clocked sequential cell  
The clock pin countDownTime/sec_reg[5]_C/C is not reached by a timing clock
Related violations: <none>

TIMING-17#26 Warning
Non-clocked sequential cell  
The clock pin countDownTime/sec_reg[5]_P/C is not reached by a timing clock
Related violations: <none>

TIMING-17#27 Warning
Non-clocked sequential cell  
The clock pin incrementTime/min_reg[0]_C/C is not reached by a timing clock
Related violations: <none>

TIMING-17#28 Warning
Non-clocked sequential cell  
The clock pin incrementTime/min_reg[0]_P/C is not reached by a timing clock
Related violations: <none>

TIMING-17#29 Warning
Non-clocked sequential cell  
The clock pin incrementTime/min_reg[1]_C/C is not reached by a timing clock
Related violations: <none>

TIMING-17#30 Warning
Non-clocked sequential cell  
The clock pin incrementTime/min_reg[1]_P/C is not reached by a timing clock
Related violations: <none>

TIMING-17#31 Warning
Non-clocked sequential cell  
The clock pin incrementTime/min_reg[2]_C/C is not reached by a timing clock
Related violations: <none>

TIMING-17#32 Warning
Non-clocked sequential cell  
The clock pin incrementTime/min_reg[2]_P/C is not reached by a timing clock
Related violations: <none>

TIMING-17#33 Warning
Non-clocked sequential cell  
The clock pin incrementTime/min_reg[3]_C/C is not reached by a timing clock
Related violations: <none>

TIMING-17#34 Warning
Non-clocked sequential cell  
The clock pin incrementTime/min_reg[3]_P/C is not reached by a timing clock
Related violations: <none>

TIMING-17#35 Warning
Non-clocked sequential cell  
The clock pin incrementTime/min_reg[4]_C/C is not reached by a timing clock
Related violations: <none>

TIMING-17#36 Warning
Non-clocked sequential cell  
The clock pin incrementTime/min_reg[4]_P/C is not reached by a timing clock
Related violations: <none>

TIMING-17#37 Warning
Non-clocked sequential cell  
The clock pin incrementTime/min_reg[5]_C/C is not reached by a timing clock
Related violations: <none>

TIMING-17#38 Warning
Non-clocked sequential cell  
The clock pin incrementTime/min_reg[5]_P/C is not reached by a timing clock
Related violations: <none>

TIMING-17#39 Warning
Non-clocked sequential cell  
The clock pin incrementTime/sec_reg[0]_C/C is not reached by a timing clock
Related violations: <none>

TIMING-17#40 Warning
Non-clocked sequential cell  
The clock pin incrementTime/sec_reg[0]_P/C is not reached by a timing clock
Related violations: <none>

TIMING-17#41 Warning
Non-clocked sequential cell  
The clock pin incrementTime/sec_reg[1]_C/C is not reached by a timing clock
Related violations: <none>

TIMING-17#42 Warning
Non-clocked sequential cell  
The clock pin incrementTime/sec_reg[1]_P/C is not reached by a timing clock
Related violations: <none>

TIMING-17#43 Warning
Non-clocked sequential cell  
The clock pin incrementTime/sec_reg[2]_C/C is not reached by a timing clock
Related violations: <none>

TIMING-17#44 Warning
Non-clocked sequential cell  
The clock pin incrementTime/sec_reg[2]_P/C is not reached by a timing clock
Related violations: <none>

TIMING-17#45 Warning
Non-clocked sequential cell  
The clock pin incrementTime/sec_reg[3]_C/C is not reached by a timing clock
Related violations: <none>

TIMING-17#46 Warning
Non-clocked sequential cell  
The clock pin incrementTime/sec_reg[3]_P/C is not reached by a timing clock
Related violations: <none>

TIMING-17#47 Warning
Non-clocked sequential cell  
The clock pin incrementTime/sec_reg[4]_C/C is not reached by a timing clock
Related violations: <none>

TIMING-17#48 Warning
Non-clocked sequential cell  
The clock pin incrementTime/sec_reg[4]_P/C is not reached by a timing clock
Related violations: <none>

TIMING-17#49 Warning
Non-clocked sequential cell  
The clock pin incrementTime/sec_reg[5]_C/C is not reached by a timing clock
Related violations: <none>

TIMING-17#50 Warning
Non-clocked sequential cell  
The clock pin incrementTime/sec_reg[5]_P/C is not reached by a timing clock
Related violations: <none>

TIMING-18#1 Warning
Missing input or output delay  
An input delay is missing on CookTime relative to clock(s) VIRTUAL_clk_out1_clk_wiz_0 
Related violations: <none>

TIMING-18#2 Warning
Missing input or output delay  
An input delay is missing on Minutes relative to clock(s) VIRTUAL_clk_out1_clk_wiz_0 
Related violations: <none>

TIMING-18#3 Warning
Missing input or output delay  
An input delay is missing on Seconds relative to clock(s) VIRTUAL_clk_out1_clk_wiz_0 
Related violations: <none>

TIMING-18#4 Warning
Missing input or output delay  
An input delay is missing on Start relative to clock(s) VIRTUAL_clk_out1_clk_wiz_0 
Related violations: <none>

TIMING-18#5 Warning
Missing input or output delay  
An input delay is missing on TimerEnable relative to clock(s) VIRTUAL_clk_out1_clk_wiz_0 
Related violations: <none>

TIMING-18#6 Warning
Missing input or output delay  
An input delay is missing on reset relative to clock(s) VIRTUAL_clk_out1_clk_wiz_0 
Related violations: <none>

TIMING-18#7 Warning
Missing input or output delay  
An output delay is missing on TimerOn relative to clock(s) VIRTUAL_clk_out1_clk_wiz_0 
Related violations: <none>

TIMING-18#8 Warning
Missing input or output delay  
An output delay is missing on an[0] relative to clock(s) VIRTUAL_clk_out1_clk_wiz_0 
Related violations: <none>

TIMING-18#9 Warning
Missing input or output delay  
An output delay is missing on an[1] relative to clock(s) VIRTUAL_clk_out1_clk_wiz_0 
Related violations: <none>

TIMING-18#10 Warning
Missing input or output delay  
An output delay is missing on an[2] relative to clock(s) VIRTUAL_clk_out1_clk_wiz_0 
Related violations: <none>

TIMING-18#11 Warning
Missing input or output delay  
An output delay is missing on an[3] relative to clock(s) VIRTUAL_clk_out1_clk_wiz_0 
Related violations: <none>

TIMING-18#12 Warning
Missing input or output delay  
An output delay is missing on seg[0] relative to clock(s) VIRTUAL_clk_out1_clk_wiz_0 
Related violations: <none>

TIMING-18#13 Warning
Missing input or output delay  
An output delay is missing on seg[1] relative to clock(s) VIRTUAL_clk_out1_clk_wiz_0 
Related violations: <none>

TIMING-18#14 Warning
Missing input or output delay  
An output delay is missing on seg[2] relative to clock(s) VIRTUAL_clk_out1_clk_wiz_0 
Related violations: <none>

TIMING-18#15 Warning
Missing input or output delay  
An output delay is missing on seg[3] relative to clock(s) VIRTUAL_clk_out1_clk_wiz_0 
Related violations: <none>

TIMING-18#16 Warning
Missing input or output delay  
An output delay is missing on seg[4] relative to clock(s) VIRTUAL_clk_out1_clk_wiz_0 
Related violations: <none>

TIMING-18#17 Warning
Missing input or output delay  
An output delay is missing on seg[5] relative to clock(s) VIRTUAL_clk_out1_clk_wiz_0 
Related violations: <none>

TIMING-18#18 Warning
Missing input or output delay  
An output delay is missing on seg[6] relative to clock(s) VIRTUAL_clk_out1_clk_wiz_0 
Related violations: <none>

TIMING-20#1 Warning
Non-clocked latch  
The latch countDownTime/finished_reg_LDC cannot be properly analyzed as its control pin countDownTime/finished_reg_LDC/G is not reached by a timing clock
Related violations: <none>

TIMING-20#2 Warning
Non-clocked latch  
The latch countDownTime/min_reg[0]_LDC cannot be properly analyzed as its control pin countDownTime/min_reg[0]_LDC/G is not reached by a timing clock
Related violations: <none>

TIMING-20#3 Warning
Non-clocked latch  
The latch countDownTime/min_reg[1]_LDC cannot be properly analyzed as its control pin countDownTime/min_reg[1]_LDC/G is not reached by a timing clock
Related violations: <none>

TIMING-20#4 Warning
Non-clocked latch  
The latch countDownTime/min_reg[2]_LDC cannot be properly analyzed as its control pin countDownTime/min_reg[2]_LDC/G is not reached by a timing clock
Related violations: <none>

TIMING-20#5 Warning
Non-clocked latch  
The latch countDownTime/min_reg[3]_LDC cannot be properly analyzed as its control pin countDownTime/min_reg[3]_LDC/G is not reached by a timing clock
Related violations: <none>

TIMING-20#6 Warning
Non-clocked latch  
The latch countDownTime/min_reg[4]_LDC cannot be properly analyzed as its control pin countDownTime/min_reg[4]_LDC/G is not reached by a timing clock
Related violations: <none>

TIMING-20#7 Warning
Non-clocked latch  
The latch countDownTime/min_reg[5]_LDC cannot be properly analyzed as its control pin countDownTime/min_reg[5]_LDC/G is not reached by a timing clock
Related violations: <none>

TIMING-20#8 Warning
Non-clocked latch  
The latch countDownTime/sec_reg[0]_LDC cannot be properly analyzed as its control pin countDownTime/sec_reg[0]_LDC/G is not reached by a timing clock
Related violations: <none>

TIMING-20#9 Warning
Non-clocked latch  
The latch countDownTime/sec_reg[1]_LDC cannot be properly analyzed as its control pin countDownTime/sec_reg[1]_LDC/G is not reached by a timing clock
Related violations: <none>

TIMING-20#10 Warning
Non-clocked latch  
The latch countDownTime/sec_reg[2]_LDC cannot be properly analyzed as its control pin countDownTime/sec_reg[2]_LDC/G is not reached by a timing clock
Related violations: <none>

TIMING-20#11 Warning
Non-clocked latch  
The latch countDownTime/sec_reg[3]_LDC cannot be properly analyzed as its control pin countDownTime/sec_reg[3]_LDC/G is not reached by a timing clock
Related violations: <none>

TIMING-20#12 Warning
Non-clocked latch  
The latch countDownTime/sec_reg[4]_LDC cannot be properly analyzed as its control pin countDownTime/sec_reg[4]_LDC/G is not reached by a timing clock
Related violations: <none>

TIMING-20#13 Warning
Non-clocked latch  
The latch countDownTime/sec_reg[5]_LDC cannot be properly analyzed as its control pin countDownTime/sec_reg[5]_LDC/G is not reached by a timing clock
Related violations: <none>

TIMING-20#14 Warning
Non-clocked latch  
The latch incrementTime/min_reg[0]_LDC cannot be properly analyzed as its control pin incrementTime/min_reg[0]_LDC/G is not reached by a timing clock
Related violations: <none>

TIMING-20#15 Warning
Non-clocked latch  
The latch incrementTime/min_reg[1]_LDC cannot be properly analyzed as its control pin incrementTime/min_reg[1]_LDC/G is not reached by a timing clock
Related violations: <none>

TIMING-20#16 Warning
Non-clocked latch  
The latch incrementTime/min_reg[2]_LDC cannot be properly analyzed as its control pin incrementTime/min_reg[2]_LDC/G is not reached by a timing clock
Related violations: <none>

TIMING-20#17 Warning
Non-clocked latch  
The latch incrementTime/min_reg[3]_LDC cannot be properly analyzed as its control pin incrementTime/min_reg[3]_LDC/G is not reached by a timing clock
Related violations: <none>

TIMING-20#18 Warning
Non-clocked latch  
The latch incrementTime/min_reg[4]_LDC cannot be properly analyzed as its control pin incrementTime/min_reg[4]_LDC/G is not reached by a timing clock
Related violations: <none>

TIMING-20#19 Warning
Non-clocked latch  
The latch incrementTime/min_reg[5]_LDC cannot be properly analyzed as its control pin incrementTime/min_reg[5]_LDC/G is not reached by a timing clock
Related violations: <none>

TIMING-20#20 Warning
Non-clocked latch  
The latch incrementTime/sec_reg[0]_LDC cannot be properly analyzed as its control pin incrementTime/sec_reg[0]_LDC/G is not reached by a timing clock
Related violations: <none>

TIMING-20#21 Warning
Non-clocked latch  
The latch incrementTime/sec_reg[1]_LDC cannot be properly analyzed as its control pin incrementTime/sec_reg[1]_LDC/G is not reached by a timing clock
Related violations: <none>

TIMING-20#22 Warning
Non-clocked latch  
The latch incrementTime/sec_reg[2]_LDC cannot be properly analyzed as its control pin incrementTime/sec_reg[2]_LDC/G is not reached by a timing clock
Related violations: <none>

TIMING-20#23 Warning
Non-clocked latch  
The latch incrementTime/sec_reg[3]_LDC cannot be properly analyzed as its control pin incrementTime/sec_reg[3]_LDC/G is not reached by a timing clock
Related violations: <none>

TIMING-20#24 Warning
Non-clocked latch  
The latch incrementTime/sec_reg[4]_LDC cannot be properly analyzed as its control pin incrementTime/sec_reg[4]_LDC/G is not reached by a timing clock
Related violations: <none>

TIMING-20#25 Warning
Non-clocked latch  
The latch incrementTime/sec_reg[5]_LDC cannot be properly analyzed as its control pin incrementTime/sec_reg[5]_LDC/G is not reached by a timing clock
Related violations: <none>


