Copyright 1986-2016 Xilinx, Inc. All Rights Reserved.
---------------------------------------------------------------------------------------------------------------
| Tool Version : Vivado v.2016.3 (win64) Build 1682563 Mon Oct 10 19:07:27 MDT 2016
| Date         : Tue Mar 24 00:37:40 2020
| Host         : Nelson running 64-bit major release  (build 9200)
| Command      : report_methodology -file EggD_methodology_drc_routed.rpt -rpx EggD_methodology_drc_routed.rpx
| Design       : EggD
| Device       : xc7a100tcsg324-1
| Speed File   : -1
| Design State : Routed
---------------------------------------------------------------------------------------------------------------

Report Methodology

Table of Contents
-----------------
1. REPORT SUMMARY
2. REPORT DETAILS

1. REPORT SUMMARY
-----------------
            Netlist: netlist
          Floorplan: design_1
      Design limits: <entire design considered>
             Max violations: <unlimited>
             Violations found: 213
+-----------+------------------+-------------------------------+------------+
| Rule      | Severity         | Description                   | Violations |
+-----------+------------------+-------------------------------+------------+
| TIMING-23 | Critical Warning | Combinatorial loop found      | 46         |
| TIMING-17 | Warning          | Non-clocked sequential cell   | 138        |
| TIMING-18 | Warning          | Missing input or output delay | 5          |
| TIMING-20 | Warning          | Non-clocked latch             | 24         |
+-----------+------------------+-------------------------------+------------+

2. REPORT DETAILS
-----------------
TIMING-23#1 Critical Warning
Combinatorial loop found  
A timing loop has been detected on a combinational path. A timing arc has been disabled between INCREMENT_COUNT_TIME/debounce_min/min_reg[0]_LDC_i_1/I2 and INCREMENT_COUNT_TIME/debounce_min/min_reg[0]_LDC_i_1/O to disable the timing loop
Related violations: <none>

TIMING-23#2 Critical Warning
Combinatorial loop found  
A timing loop has been detected on a combinational path. A timing arc has been disabled between INCREMENT_COUNT_TIME/debounce_min/min_reg[1]_LDC_i_1/I1 and INCREMENT_COUNT_TIME/debounce_min/min_reg[1]_LDC_i_1/O to disable the timing loop
Related violations: <none>

TIMING-23#3 Critical Warning
Combinatorial loop found  
A timing loop has been detected on a combinational path. A timing arc has been disabled between INCREMENT_COUNT_TIME/debounce_min/min_reg[2]_LDC_i_1/I1 and INCREMENT_COUNT_TIME/debounce_min/min_reg[2]_LDC_i_1/O to disable the timing loop
Related violations: <none>

TIMING-23#4 Critical Warning
Combinatorial loop found  
A timing loop has been detected on a combinational path. A timing arc has been disabled between INCREMENT_COUNT_TIME/debounce_min/min_reg[3]_LDC_i_1/I1 and INCREMENT_COUNT_TIME/debounce_min/min_reg[3]_LDC_i_1/O to disable the timing loop
Related violations: <none>

TIMING-23#5 Critical Warning
Combinatorial loop found  
A timing loop has been detected on a combinational path. A timing arc has been disabled between INCREMENT_COUNT_TIME/debounce_min/min_reg[4]_LDC_i_1/I1 and INCREMENT_COUNT_TIME/debounce_min/min_reg[4]_LDC_i_1/O to disable the timing loop
Related violations: <none>

TIMING-23#6 Critical Warning
Combinatorial loop found  
A timing loop has been detected on a combinational path. A timing arc has been disabled between INCREMENT_COUNT_TIME/debounce_min/sec_reg[1]_LDC_i_1/I0 and INCREMENT_COUNT_TIME/debounce_min/sec_reg[1]_LDC_i_1/O to disable the timing loop
Related violations: <none>

TIMING-23#7 Critical Warning
Combinatorial loop found  
A timing loop has been detected on a combinational path. A timing arc has been disabled between INCREMENT_COUNT_TIME/debounce_min/sec_reg[1]_LDC_i_1/I3 and INCREMENT_COUNT_TIME/debounce_min/sec_reg[1]_LDC_i_1/O to disable the timing loop
Related violations: <none>

TIMING-23#8 Critical Warning
Combinatorial loop found  
A timing loop has been detected on a combinational path. A timing arc has been disabled between INCREMENT_COUNT_TIME/debounce_min/sec_reg[2]_LDC_i_1/I1 and INCREMENT_COUNT_TIME/debounce_min/sec_reg[2]_LDC_i_1/O to disable the timing loop
Related violations: <none>

TIMING-23#9 Critical Warning
Combinatorial loop found  
A timing loop has been detected on a combinational path. A timing arc has been disabled between INCREMENT_COUNT_TIME/debounce_min/sec_reg[2]_LDC_i_1/I4 and INCREMENT_COUNT_TIME/debounce_min/sec_reg[2]_LDC_i_1/O to disable the timing loop
Related violations: <none>

TIMING-23#10 Critical Warning
Combinatorial loop found  
A timing loop has been detected on a combinational path. A timing arc has been disabled between INCREMENT_COUNT_TIME/debounce_min/sec_reg[3]_LDC_i_1/I1 and INCREMENT_COUNT_TIME/debounce_min/sec_reg[3]_LDC_i_1/O to disable the timing loop
Related violations: <none>

TIMING-23#11 Critical Warning
Combinatorial loop found  
A timing loop has been detected on a combinational path. A timing arc has been disabled between INCREMENT_COUNT_TIME/debounce_min/sec_reg[3]_LDC_i_1/I4 and INCREMENT_COUNT_TIME/debounce_min/sec_reg[3]_LDC_i_1/O to disable the timing loop
Related violations: <none>

TIMING-23#12 Critical Warning
Combinatorial loop found  
A timing loop has been detected on a combinational path. A timing arc has been disabled between INCREMENT_COUNT_TIME/debounce_sec/min_reg[5]_LDC_i_1/I0 and INCREMENT_COUNT_TIME/debounce_sec/min_reg[5]_LDC_i_1/O to disable the timing loop
Related violations: <none>

TIMING-23#13 Critical Warning
Combinatorial loop found  
A timing loop has been detected on a combinational path. A timing arc has been disabled between INCREMENT_COUNT_TIME/debounce_sec/sec_reg[0]_LDC_i_1/I1 and INCREMENT_COUNT_TIME/debounce_sec/sec_reg[0]_LDC_i_1/O to disable the timing loop
Related violations: <none>

TIMING-23#14 Critical Warning
Combinatorial loop found  
A timing loop has been detected on a combinational path. A timing arc has been disabled between INCREMENT_COUNT_TIME/debounce_sec/sec_reg[0]_LDC_i_1/I2 and INCREMENT_COUNT_TIME/debounce_sec/sec_reg[0]_LDC_i_1/O to disable the timing loop
Related violations: <none>

TIMING-23#15 Critical Warning
Combinatorial loop found  
A timing loop has been detected on a combinational path. A timing arc has been disabled between INCREMENT_COUNT_TIME/debounce_sec/sec_reg[4]_LDC_i_1/I1 and INCREMENT_COUNT_TIME/debounce_sec/sec_reg[4]_LDC_i_1/O to disable the timing loop
Related violations: <none>

TIMING-23#16 Critical Warning
Combinatorial loop found  
A timing loop has been detected on a combinational path. A timing arc has been disabled between INCREMENT_COUNT_TIME/debounce_sec/sec_reg[5]_LDC_i_1/I0 and INCREMENT_COUNT_TIME/debounce_sec/sec_reg[5]_LDC_i_1/O to disable the timing loop
Related violations: <none>

TIMING-23#17 Critical Warning
Combinatorial loop found  
A timing loop has been detected on a combinational path. A timing arc has been disabled between INCREMENT_COUNT_TIME/min_reg[0]_LDC_i_4/I0 and INCREMENT_COUNT_TIME/min_reg[0]_LDC_i_4/O to disable the timing loop
Related violations: <none>

TIMING-23#18 Critical Warning
Combinatorial loop found  
A timing loop has been detected on a combinational path. A timing arc has been disabled between INCREMENT_COUNT_TIME/min_reg[0]_LDC_i_4/I1 and INCREMENT_COUNT_TIME/min_reg[0]_LDC_i_4/O to disable the timing loop
Related violations: <none>

TIMING-23#19 Critical Warning
Combinatorial loop found  
A timing loop has been detected on a combinational path. A timing arc has been disabled between INCREMENT_COUNT_TIME/min_reg[1]_LDC_i_4/I1 and INCREMENT_COUNT_TIME/min_reg[1]_LDC_i_4/O to disable the timing loop
Related violations: <none>

TIMING-23#20 Critical Warning
Combinatorial loop found  
A timing loop has been detected on a combinational path. A timing arc has been disabled between INCREMENT_COUNT_TIME/min_reg[2]_LDC_i_4/I1 and INCREMENT_COUNT_TIME/min_reg[2]_LDC_i_4/O to disable the timing loop
Related violations: <none>

TIMING-23#21 Critical Warning
Combinatorial loop found  
A timing loop has been detected on a combinational path. A timing arc has been disabled between INCREMENT_COUNT_TIME/min_reg[2]_LDC_i_4/I3 and INCREMENT_COUNT_TIME/min_reg[2]_LDC_i_4/O to disable the timing loop
Related violations: <none>

TIMING-23#22 Critical Warning
Combinatorial loop found  
A timing loop has been detected on a combinational path. A timing arc has been disabled between INCREMENT_COUNT_TIME/min_reg[3]_LDC_i_4/I1 and INCREMENT_COUNT_TIME/min_reg[3]_LDC_i_4/O to disable the timing loop
Related violations: <none>

TIMING-23#23 Critical Warning
Combinatorial loop found  
A timing loop has been detected on a combinational path. A timing arc has been disabled between INCREMENT_COUNT_TIME/min_reg[3]_LDC_i_4/I3 and INCREMENT_COUNT_TIME/min_reg[3]_LDC_i_4/O to disable the timing loop
Related violations: <none>

TIMING-23#24 Critical Warning
Combinatorial loop found  
A timing loop has been detected on a combinational path. A timing arc has been disabled between INCREMENT_COUNT_TIME/min_reg[4]_LDC_i_4/I1 and INCREMENT_COUNT_TIME/min_reg[4]_LDC_i_4/O to disable the timing loop
Related violations: <none>

TIMING-23#25 Critical Warning
Combinatorial loop found  
A timing loop has been detected on a combinational path. A timing arc has been disabled between INCREMENT_COUNT_TIME/min_reg[4]_LDC_i_4/I3 and INCREMENT_COUNT_TIME/min_reg[4]_LDC_i_4/O to disable the timing loop
Related violations: <none>

TIMING-23#26 Critical Warning
Combinatorial loop found  
A timing loop has been detected on a combinational path. A timing arc has been disabled between INCREMENT_COUNT_TIME/min_reg[5]_LDC_i_4/I1 and INCREMENT_COUNT_TIME/min_reg[5]_LDC_i_4/O to disable the timing loop
Related violations: <none>

TIMING-23#27 Critical Warning
Combinatorial loop found  
A timing loop has been detected on a combinational path. A timing arc has been disabled between INCREMENT_COUNT_TIME/min_reg[5]_LDC_i_4/I3 and INCREMENT_COUNT_TIME/min_reg[5]_LDC_i_4/O to disable the timing loop
Related violations: <none>

TIMING-23#28 Critical Warning
Combinatorial loop found  
A timing loop has been detected on a combinational path. A timing arc has been disabled between INCREMENT_COUNT_TIME/min_reg[5]_LDC_i_4__0/I1 and INCREMENT_COUNT_TIME/min_reg[5]_LDC_i_4__0/O to disable the timing loop
Related violations: <none>

TIMING-23#29 Critical Warning
Combinatorial loop found  
A timing loop has been detected on a combinational path. A timing arc has been disabled between INCREMENT_COUNT_TIME/min_reg[5]_LDC_i_4__0/I2 and INCREMENT_COUNT_TIME/min_reg[5]_LDC_i_4__0/O to disable the timing loop
Related violations: <none>

TIMING-23#30 Critical Warning
Combinatorial loop found  
A timing loop has been detected on a combinational path. A timing arc has been disabled between INCREMENT_COUNT_TIME/sec_reg[1]_LDC_i_4/I1 and INCREMENT_COUNT_TIME/sec_reg[1]_LDC_i_4/O to disable the timing loop
Related violations: <none>

TIMING-23#31 Critical Warning
Combinatorial loop found  
A timing loop has been detected on a combinational path. A timing arc has been disabled between INCREMENT_COUNT_TIME/sec_reg[4]_LDC_i_3__0/I1 and INCREMENT_COUNT_TIME/sec_reg[4]_LDC_i_3__0/O to disable the timing loop
Related violations: <none>

TIMING-23#32 Critical Warning
Combinatorial loop found  
A timing loop has been detected on a combinational path. A timing arc has been disabled between INCREMENT_COUNT_TIME/sec_reg[5]_LDC_i_4/I1 and INCREMENT_COUNT_TIME/sec_reg[5]_LDC_i_4/O to disable the timing loop
Related violations: <none>

TIMING-23#33 Critical Warning
Combinatorial loop found  
A timing loop has been detected on a combinational path. A timing arc has been disabled between INCREMENT_COUNT_TIME/sec_reg[5]_LDC_i_4__0/I1 and INCREMENT_COUNT_TIME/sec_reg[5]_LDC_i_4__0/O to disable the timing loop
Related violations: <none>

TIMING-23#34 Critical Warning
Combinatorial loop found  
A timing loop has been detected on a combinational path. A timing arc has been disabled between RUN_COUNT_TIME/min[1]_C_i_2/I1 and RUN_COUNT_TIME/min[1]_C_i_2/O to disable the timing loop
Related violations: <none>

TIMING-23#35 Critical Warning
Combinatorial loop found  
A timing loop has been detected on a combinational path. A timing arc has been disabled between RUN_COUNT_TIME/min_reg[1]_LDC_i_6/I1 and RUN_COUNT_TIME/min_reg[1]_LDC_i_6/O to disable the timing loop
Related violations: <none>

TIMING-23#36 Critical Warning
Combinatorial loop found  
A timing loop has been detected on a combinational path. A timing arc has been disabled between RUN_COUNT_TIME/sec[1]_C_i_2/I1 and RUN_COUNT_TIME/sec[1]_C_i_2/O to disable the timing loop
Related violations: <none>

TIMING-23#37 Critical Warning
Combinatorial loop found  
A timing loop has been detected on a combinational path. A timing arc has been disabled between RUN_COUNT_TIME/sec[4]_C_i_2__0/I1 and RUN_COUNT_TIME/sec[4]_C_i_2__0/O to disable the timing loop
Related violations: <none>

TIMING-23#38 Critical Warning
Combinatorial loop found  
A timing loop has been detected on a combinational path. A timing arc has been disabled between RUN_COUNT_TIME/sec[5]_P_i_5/I1 and RUN_COUNT_TIME/sec[5]_P_i_5/O to disable the timing loop
Related violations: <none>

TIMING-23#39 Critical Warning
Combinatorial loop found  
A timing loop has been detected on a combinational path. A timing arc has been disabled between RUN_COUNT_TIME/sec[5]_P_i_8/I1 and RUN_COUNT_TIME/sec[5]_P_i_8/O to disable the timing loop
Related violations: <none>

TIMING-23#40 Critical Warning
Combinatorial loop found  
A timing loop has been detected on a combinational path. A timing arc has been disabled between RUN_COUNT_TIME/sec_reg[1]_LDC_i_6/I1 and RUN_COUNT_TIME/sec_reg[1]_LDC_i_6/O to disable the timing loop
Related violations: <none>

TIMING-23#41 Critical Warning
Combinatorial loop found  
A timing loop has been detected on a combinational path. A timing arc has been disabled between RUN_COUNT_TIME/sec_reg[2]_LDC_i_6/I1 and RUN_COUNT_TIME/sec_reg[2]_LDC_i_6/O to disable the timing loop
Related violations: <none>

TIMING-23#42 Critical Warning
Combinatorial loop found  
A timing loop has been detected on a combinational path. A timing arc has been disabled between SET_COOK_TIME/sec_reg[0]_LDC_i_3/I1 and SET_COOK_TIME/sec_reg[0]_LDC_i_3/O to disable the timing loop
Related violations: <none>

TIMING-23#43 Critical Warning
Combinatorial loop found  
A timing loop has been detected on a combinational path. A timing arc has been disabled between SET_COOK_TIME/sec_reg[0]_LDC_i_3/I2 and SET_COOK_TIME/sec_reg[0]_LDC_i_3/O to disable the timing loop
Related violations: <none>

TIMING-23#44 Critical Warning
Combinatorial loop found  
A timing loop has been detected on a combinational path. A timing arc has been disabled between SET_COOK_TIME/sec_reg[2]_LDC_i_5/I1 and SET_COOK_TIME/sec_reg[2]_LDC_i_5/O to disable the timing loop
Related violations: <none>

TIMING-23#45 Critical Warning
Combinatorial loop found  
A timing loop has been detected on a combinational path. A timing arc has been disabled between SET_COOK_TIME/sec_reg[3]_LDC_i_5/I1 and SET_COOK_TIME/sec_reg[3]_LDC_i_5/O to disable the timing loop
Related violations: <none>

TIMING-23#46 Critical Warning
Combinatorial loop found  
A timing loop has been detected on a combinational path. A timing arc has been disabled between SET_COOK_TIME/sec_reg[4]_LDC_i_5/I1 and SET_COOK_TIME/sec_reg[4]_LDC_i_5/O to disable the timing loop
Related violations: <none>

TIMING-17#1 Warning
Non-clocked sequential cell  
The clock pin INCREMENT_COUNT_TIME/debounce_min/Q1_reg/C is not reached by a timing clock
Related violations: <none>

TIMING-17#2 Warning
Non-clocked sequential cell  
The clock pin INCREMENT_COUNT_TIME/debounce_min/Q2_bar_reg/C is not reached by a timing clock
Related violations: <none>

TIMING-17#3 Warning
Non-clocked sequential cell  
The clock pin INCREMENT_COUNT_TIME/debounce_min/SLOW_CLK/counter_reg[0]/C is not reached by a timing clock
Related violations: <none>

TIMING-17#4 Warning
Non-clocked sequential cell  
The clock pin INCREMENT_COUNT_TIME/debounce_min/SLOW_CLK/counter_reg[10]/C is not reached by a timing clock
Related violations: <none>

TIMING-17#5 Warning
Non-clocked sequential cell  
The clock pin INCREMENT_COUNT_TIME/debounce_min/SLOW_CLK/counter_reg[11]/C is not reached by a timing clock
Related violations: <none>

TIMING-17#6 Warning
Non-clocked sequential cell  
The clock pin INCREMENT_COUNT_TIME/debounce_min/SLOW_CLK/counter_reg[12]/C is not reached by a timing clock
Related violations: <none>

TIMING-17#7 Warning
Non-clocked sequential cell  
The clock pin INCREMENT_COUNT_TIME/debounce_min/SLOW_CLK/counter_reg[13]/C is not reached by a timing clock
Related violations: <none>

TIMING-17#8 Warning
Non-clocked sequential cell  
The clock pin INCREMENT_COUNT_TIME/debounce_min/SLOW_CLK/counter_reg[14]/C is not reached by a timing clock
Related violations: <none>

TIMING-17#9 Warning
Non-clocked sequential cell  
The clock pin INCREMENT_COUNT_TIME/debounce_min/SLOW_CLK/counter_reg[15]/C is not reached by a timing clock
Related violations: <none>

TIMING-17#10 Warning
Non-clocked sequential cell  
The clock pin INCREMENT_COUNT_TIME/debounce_min/SLOW_CLK/counter_reg[16]/C is not reached by a timing clock
Related violations: <none>

TIMING-17#11 Warning
Non-clocked sequential cell  
The clock pin INCREMENT_COUNT_TIME/debounce_min/SLOW_CLK/counter_reg[17]/C is not reached by a timing clock
Related violations: <none>

TIMING-17#12 Warning
Non-clocked sequential cell  
The clock pin INCREMENT_COUNT_TIME/debounce_min/SLOW_CLK/counter_reg[18]/C is not reached by a timing clock
Related violations: <none>

TIMING-17#13 Warning
Non-clocked sequential cell  
The clock pin INCREMENT_COUNT_TIME/debounce_min/SLOW_CLK/counter_reg[19]/C is not reached by a timing clock
Related violations: <none>

TIMING-17#14 Warning
Non-clocked sequential cell  
The clock pin INCREMENT_COUNT_TIME/debounce_min/SLOW_CLK/counter_reg[1]/C is not reached by a timing clock
Related violations: <none>

TIMING-17#15 Warning
Non-clocked sequential cell  
The clock pin INCREMENT_COUNT_TIME/debounce_min/SLOW_CLK/counter_reg[20]/C is not reached by a timing clock
Related violations: <none>

TIMING-17#16 Warning
Non-clocked sequential cell  
The clock pin INCREMENT_COUNT_TIME/debounce_min/SLOW_CLK/counter_reg[21]/C is not reached by a timing clock
Related violations: <none>

TIMING-17#17 Warning
Non-clocked sequential cell  
The clock pin INCREMENT_COUNT_TIME/debounce_min/SLOW_CLK/counter_reg[22]/C is not reached by a timing clock
Related violations: <none>

TIMING-17#18 Warning
Non-clocked sequential cell  
The clock pin INCREMENT_COUNT_TIME/debounce_min/SLOW_CLK/counter_reg[23]/C is not reached by a timing clock
Related violations: <none>

TIMING-17#19 Warning
Non-clocked sequential cell  
The clock pin INCREMENT_COUNT_TIME/debounce_min/SLOW_CLK/counter_reg[24]/C is not reached by a timing clock
Related violations: <none>

TIMING-17#20 Warning
Non-clocked sequential cell  
The clock pin INCREMENT_COUNT_TIME/debounce_min/SLOW_CLK/counter_reg[25]/C is not reached by a timing clock
Related violations: <none>

TIMING-17#21 Warning
Non-clocked sequential cell  
The clock pin INCREMENT_COUNT_TIME/debounce_min/SLOW_CLK/counter_reg[26]/C is not reached by a timing clock
Related violations: <none>

TIMING-17#22 Warning
Non-clocked sequential cell  
The clock pin INCREMENT_COUNT_TIME/debounce_min/SLOW_CLK/counter_reg[27]/C is not reached by a timing clock
Related violations: <none>

TIMING-17#23 Warning
Non-clocked sequential cell  
The clock pin INCREMENT_COUNT_TIME/debounce_min/SLOW_CLK/counter_reg[28]/C is not reached by a timing clock
Related violations: <none>

TIMING-17#24 Warning
Non-clocked sequential cell  
The clock pin INCREMENT_COUNT_TIME/debounce_min/SLOW_CLK/counter_reg[29]/C is not reached by a timing clock
Related violations: <none>

TIMING-17#25 Warning
Non-clocked sequential cell  
The clock pin INCREMENT_COUNT_TIME/debounce_min/SLOW_CLK/counter_reg[2]/C is not reached by a timing clock
Related violations: <none>

TIMING-17#26 Warning
Non-clocked sequential cell  
The clock pin INCREMENT_COUNT_TIME/debounce_min/SLOW_CLK/counter_reg[30]/C is not reached by a timing clock
Related violations: <none>

TIMING-17#27 Warning
Non-clocked sequential cell  
The clock pin INCREMENT_COUNT_TIME/debounce_min/SLOW_CLK/counter_reg[31]/C is not reached by a timing clock
Related violations: <none>

TIMING-17#28 Warning
Non-clocked sequential cell  
The clock pin INCREMENT_COUNT_TIME/debounce_min/SLOW_CLK/counter_reg[3]/C is not reached by a timing clock
Related violations: <none>

TIMING-17#29 Warning
Non-clocked sequential cell  
The clock pin INCREMENT_COUNT_TIME/debounce_min/SLOW_CLK/counter_reg[4]/C is not reached by a timing clock
Related violations: <none>

TIMING-17#30 Warning
Non-clocked sequential cell  
The clock pin INCREMENT_COUNT_TIME/debounce_min/SLOW_CLK/counter_reg[5]/C is not reached by a timing clock
Related violations: <none>

TIMING-17#31 Warning
Non-clocked sequential cell  
The clock pin INCREMENT_COUNT_TIME/debounce_min/SLOW_CLK/counter_reg[6]/C is not reached by a timing clock
Related violations: <none>

TIMING-17#32 Warning
Non-clocked sequential cell  
The clock pin INCREMENT_COUNT_TIME/debounce_min/SLOW_CLK/counter_reg[7]/C is not reached by a timing clock
Related violations: <none>

TIMING-17#33 Warning
Non-clocked sequential cell  
The clock pin INCREMENT_COUNT_TIME/debounce_min/SLOW_CLK/counter_reg[8]/C is not reached by a timing clock
Related violations: <none>

TIMING-17#34 Warning
Non-clocked sequential cell  
The clock pin INCREMENT_COUNT_TIME/debounce_min/SLOW_CLK/counter_reg[9]/C is not reached by a timing clock
Related violations: <none>

TIMING-17#35 Warning
Non-clocked sequential cell  
The clock pin INCREMENT_COUNT_TIME/debounce_min/SLOW_CLK/slow_clk_reg/C is not reached by a timing clock
Related violations: <none>

TIMING-17#36 Warning
Non-clocked sequential cell  
The clock pin INCREMENT_COUNT_TIME/debounce_sec/Q1_reg/C is not reached by a timing clock
Related violations: <none>

TIMING-17#37 Warning
Non-clocked sequential cell  
The clock pin INCREMENT_COUNT_TIME/debounce_sec/Q2_bar_reg/C is not reached by a timing clock
Related violations: <none>

TIMING-17#38 Warning
Non-clocked sequential cell  
The clock pin INCREMENT_COUNT_TIME/debounce_sec/SLOW_CLK/counter_reg[0]/C is not reached by a timing clock
Related violations: <none>

TIMING-17#39 Warning
Non-clocked sequential cell  
The clock pin INCREMENT_COUNT_TIME/debounce_sec/SLOW_CLK/counter_reg[10]/C is not reached by a timing clock
Related violations: <none>

TIMING-17#40 Warning
Non-clocked sequential cell  
The clock pin INCREMENT_COUNT_TIME/debounce_sec/SLOW_CLK/counter_reg[11]/C is not reached by a timing clock
Related violations: <none>

TIMING-17#41 Warning
Non-clocked sequential cell  
The clock pin INCREMENT_COUNT_TIME/debounce_sec/SLOW_CLK/counter_reg[12]/C is not reached by a timing clock
Related violations: <none>

TIMING-17#42 Warning
Non-clocked sequential cell  
The clock pin INCREMENT_COUNT_TIME/debounce_sec/SLOW_CLK/counter_reg[13]/C is not reached by a timing clock
Related violations: <none>

TIMING-17#43 Warning
Non-clocked sequential cell  
The clock pin INCREMENT_COUNT_TIME/debounce_sec/SLOW_CLK/counter_reg[14]/C is not reached by a timing clock
Related violations: <none>

TIMING-17#44 Warning
Non-clocked sequential cell  
The clock pin INCREMENT_COUNT_TIME/debounce_sec/SLOW_CLK/counter_reg[15]/C is not reached by a timing clock
Related violations: <none>

TIMING-17#45 Warning
Non-clocked sequential cell  
The clock pin INCREMENT_COUNT_TIME/debounce_sec/SLOW_CLK/counter_reg[16]/C is not reached by a timing clock
Related violations: <none>

TIMING-17#46 Warning
Non-clocked sequential cell  
The clock pin INCREMENT_COUNT_TIME/debounce_sec/SLOW_CLK/counter_reg[17]/C is not reached by a timing clock
Related violations: <none>

TIMING-17#47 Warning
Non-clocked sequential cell  
The clock pin INCREMENT_COUNT_TIME/debounce_sec/SLOW_CLK/counter_reg[18]/C is not reached by a timing clock
Related violations: <none>

TIMING-17#48 Warning
Non-clocked sequential cell  
The clock pin INCREMENT_COUNT_TIME/debounce_sec/SLOW_CLK/counter_reg[19]/C is not reached by a timing clock
Related violations: <none>

TIMING-17#49 Warning
Non-clocked sequential cell  
The clock pin INCREMENT_COUNT_TIME/debounce_sec/SLOW_CLK/counter_reg[1]/C is not reached by a timing clock
Related violations: <none>

TIMING-17#50 Warning
Non-clocked sequential cell  
The clock pin INCREMENT_COUNT_TIME/debounce_sec/SLOW_CLK/counter_reg[20]/C is not reached by a timing clock
Related violations: <none>

TIMING-17#51 Warning
Non-clocked sequential cell  
The clock pin INCREMENT_COUNT_TIME/debounce_sec/SLOW_CLK/counter_reg[21]/C is not reached by a timing clock
Related violations: <none>

TIMING-17#52 Warning
Non-clocked sequential cell  
The clock pin INCREMENT_COUNT_TIME/debounce_sec/SLOW_CLK/counter_reg[22]/C is not reached by a timing clock
Related violations: <none>

TIMING-17#53 Warning
Non-clocked sequential cell  
The clock pin INCREMENT_COUNT_TIME/debounce_sec/SLOW_CLK/counter_reg[23]/C is not reached by a timing clock
Related violations: <none>

TIMING-17#54 Warning
Non-clocked sequential cell  
The clock pin INCREMENT_COUNT_TIME/debounce_sec/SLOW_CLK/counter_reg[24]/C is not reached by a timing clock
Related violations: <none>

TIMING-17#55 Warning
Non-clocked sequential cell  
The clock pin INCREMENT_COUNT_TIME/debounce_sec/SLOW_CLK/counter_reg[25]/C is not reached by a timing clock
Related violations: <none>

TIMING-17#56 Warning
Non-clocked sequential cell  
The clock pin INCREMENT_COUNT_TIME/debounce_sec/SLOW_CLK/counter_reg[26]/C is not reached by a timing clock
Related violations: <none>

TIMING-17#57 Warning
Non-clocked sequential cell  
The clock pin INCREMENT_COUNT_TIME/debounce_sec/SLOW_CLK/counter_reg[27]/C is not reached by a timing clock
Related violations: <none>

TIMING-17#58 Warning
Non-clocked sequential cell  
The clock pin INCREMENT_COUNT_TIME/debounce_sec/SLOW_CLK/counter_reg[28]/C is not reached by a timing clock
Related violations: <none>

TIMING-17#59 Warning
Non-clocked sequential cell  
The clock pin INCREMENT_COUNT_TIME/debounce_sec/SLOW_CLK/counter_reg[29]/C is not reached by a timing clock
Related violations: <none>

TIMING-17#60 Warning
Non-clocked sequential cell  
The clock pin INCREMENT_COUNT_TIME/debounce_sec/SLOW_CLK/counter_reg[2]/C is not reached by a timing clock
Related violations: <none>

TIMING-17#61 Warning
Non-clocked sequential cell  
The clock pin INCREMENT_COUNT_TIME/debounce_sec/SLOW_CLK/counter_reg[30]/C is not reached by a timing clock
Related violations: <none>

TIMING-17#62 Warning
Non-clocked sequential cell  
The clock pin INCREMENT_COUNT_TIME/debounce_sec/SLOW_CLK/counter_reg[31]/C is not reached by a timing clock
Related violations: <none>

TIMING-17#63 Warning
Non-clocked sequential cell  
The clock pin INCREMENT_COUNT_TIME/debounce_sec/SLOW_CLK/counter_reg[3]/C is not reached by a timing clock
Related violations: <none>

TIMING-17#64 Warning
Non-clocked sequential cell  
The clock pin INCREMENT_COUNT_TIME/debounce_sec/SLOW_CLK/counter_reg[4]/C is not reached by a timing clock
Related violations: <none>

TIMING-17#65 Warning
Non-clocked sequential cell  
The clock pin INCREMENT_COUNT_TIME/debounce_sec/SLOW_CLK/counter_reg[5]/C is not reached by a timing clock
Related violations: <none>

TIMING-17#66 Warning
Non-clocked sequential cell  
The clock pin INCREMENT_COUNT_TIME/debounce_sec/SLOW_CLK/counter_reg[6]/C is not reached by a timing clock
Related violations: <none>

TIMING-17#67 Warning
Non-clocked sequential cell  
The clock pin INCREMENT_COUNT_TIME/debounce_sec/SLOW_CLK/counter_reg[7]/C is not reached by a timing clock
Related violations: <none>

TIMING-17#68 Warning
Non-clocked sequential cell  
The clock pin INCREMENT_COUNT_TIME/debounce_sec/SLOW_CLK/counter_reg[8]/C is not reached by a timing clock
Related violations: <none>

TIMING-17#69 Warning
Non-clocked sequential cell  
The clock pin INCREMENT_COUNT_TIME/debounce_sec/SLOW_CLK/counter_reg[9]/C is not reached by a timing clock
Related violations: <none>

TIMING-17#70 Warning
Non-clocked sequential cell  
The clock pin INCREMENT_COUNT_TIME/debounce_sec/SLOW_CLK/slow_clk_reg/C is not reached by a timing clock
Related violations: <none>

TIMING-17#71 Warning
Non-clocked sequential cell  
The clock pin INCREMENT_COUNT_TIME/min_reg[0]_C/C is not reached by a timing clock
Related violations: <none>

TIMING-17#72 Warning
Non-clocked sequential cell  
The clock pin INCREMENT_COUNT_TIME/min_reg[0]_P/C is not reached by a timing clock
Related violations: <none>

TIMING-17#73 Warning
Non-clocked sequential cell  
The clock pin INCREMENT_COUNT_TIME/min_reg[1]_C/C is not reached by a timing clock
Related violations: <none>

TIMING-17#74 Warning
Non-clocked sequential cell  
The clock pin INCREMENT_COUNT_TIME/min_reg[1]_P/C is not reached by a timing clock
Related violations: <none>

TIMING-17#75 Warning
Non-clocked sequential cell  
The clock pin INCREMENT_COUNT_TIME/min_reg[2]_C/C is not reached by a timing clock
Related violations: <none>

TIMING-17#76 Warning
Non-clocked sequential cell  
The clock pin INCREMENT_COUNT_TIME/min_reg[2]_P/C is not reached by a timing clock
Related violations: <none>

TIMING-17#77 Warning
Non-clocked sequential cell  
The clock pin INCREMENT_COUNT_TIME/min_reg[3]_C/C is not reached by a timing clock
Related violations: <none>

TIMING-17#78 Warning
Non-clocked sequential cell  
The clock pin INCREMENT_COUNT_TIME/min_reg[3]_P/C is not reached by a timing clock
Related violations: <none>

TIMING-17#79 Warning
Non-clocked sequential cell  
The clock pin INCREMENT_COUNT_TIME/min_reg[4]_C/C is not reached by a timing clock
Related violations: <none>

TIMING-17#80 Warning
Non-clocked sequential cell  
The clock pin INCREMENT_COUNT_TIME/min_reg[4]_P/C is not reached by a timing clock
Related violations: <none>

TIMING-17#81 Warning
Non-clocked sequential cell  
The clock pin INCREMENT_COUNT_TIME/min_reg[5]_C/C is not reached by a timing clock
Related violations: <none>

TIMING-17#82 Warning
Non-clocked sequential cell  
The clock pin INCREMENT_COUNT_TIME/min_reg[5]_P/C is not reached by a timing clock
Related violations: <none>

TIMING-17#83 Warning
Non-clocked sequential cell  
The clock pin INCREMENT_COUNT_TIME/sec_reg[0]_C/C is not reached by a timing clock
Related violations: <none>

TIMING-17#84 Warning
Non-clocked sequential cell  
The clock pin INCREMENT_COUNT_TIME/sec_reg[0]_P/C is not reached by a timing clock
Related violations: <none>

TIMING-17#85 Warning
Non-clocked sequential cell  
The clock pin INCREMENT_COUNT_TIME/sec_reg[1]_C/C is not reached by a timing clock
Related violations: <none>

TIMING-17#86 Warning
Non-clocked sequential cell  
The clock pin INCREMENT_COUNT_TIME/sec_reg[1]_P/C is not reached by a timing clock
Related violations: <none>

TIMING-17#87 Warning
Non-clocked sequential cell  
The clock pin INCREMENT_COUNT_TIME/sec_reg[2]_C/C is not reached by a timing clock
Related violations: <none>

TIMING-17#88 Warning
Non-clocked sequential cell  
The clock pin INCREMENT_COUNT_TIME/sec_reg[2]_P/C is not reached by a timing clock
Related violations: <none>

TIMING-17#89 Warning
Non-clocked sequential cell  
The clock pin INCREMENT_COUNT_TIME/sec_reg[3]_C/C is not reached by a timing clock
Related violations: <none>

TIMING-17#90 Warning
Non-clocked sequential cell  
The clock pin INCREMENT_COUNT_TIME/sec_reg[3]_P/C is not reached by a timing clock
Related violations: <none>

TIMING-17#91 Warning
Non-clocked sequential cell  
The clock pin INCREMENT_COUNT_TIME/sec_reg[4]_C/C is not reached by a timing clock
Related violations: <none>

TIMING-17#92 Warning
Non-clocked sequential cell  
The clock pin INCREMENT_COUNT_TIME/sec_reg[4]_P/C is not reached by a timing clock
Related violations: <none>

TIMING-17#93 Warning
Non-clocked sequential cell  
The clock pin INCREMENT_COUNT_TIME/sec_reg[5]_C/C is not reached by a timing clock
Related violations: <none>

TIMING-17#94 Warning
Non-clocked sequential cell  
The clock pin INCREMENT_COUNT_TIME/sec_reg[5]_P/C is not reached by a timing clock
Related violations: <none>

TIMING-17#95 Warning
Non-clocked sequential cell  
The clock pin RUN_COUNT_TIME/min_reg[0]_C/C is not reached by a timing clock
Related violations: <none>

TIMING-17#96 Warning
Non-clocked sequential cell  
The clock pin RUN_COUNT_TIME/min_reg[0]_P/C is not reached by a timing clock
Related violations: <none>

TIMING-17#97 Warning
Non-clocked sequential cell  
The clock pin RUN_COUNT_TIME/min_reg[1]_C/C is not reached by a timing clock
Related violations: <none>

TIMING-17#98 Warning
Non-clocked sequential cell  
The clock pin RUN_COUNT_TIME/min_reg[1]_P/C is not reached by a timing clock
Related violations: <none>

TIMING-17#99 Warning
Non-clocked sequential cell  
The clock pin RUN_COUNT_TIME/min_reg[2]_C/C is not reached by a timing clock
Related violations: <none>

TIMING-17#100 Warning
Non-clocked sequential cell  
The clock pin RUN_COUNT_TIME/min_reg[2]_P/C is not reached by a timing clock
Related violations: <none>

TIMING-17#101 Warning
Non-clocked sequential cell  
The clock pin RUN_COUNT_TIME/min_reg[3]_C/C is not reached by a timing clock
Related violations: <none>

TIMING-17#102 Warning
Non-clocked sequential cell  
The clock pin RUN_COUNT_TIME/min_reg[3]_P/C is not reached by a timing clock
Related violations: <none>

TIMING-17#103 Warning
Non-clocked sequential cell  
The clock pin RUN_COUNT_TIME/min_reg[4]_C/C is not reached by a timing clock
Related violations: <none>

TIMING-17#104 Warning
Non-clocked sequential cell  
The clock pin RUN_COUNT_TIME/min_reg[4]_P/C is not reached by a timing clock
Related violations: <none>

TIMING-17#105 Warning
Non-clocked sequential cell  
The clock pin RUN_COUNT_TIME/min_reg[5]_C/C is not reached by a timing clock
Related violations: <none>

TIMING-17#106 Warning
Non-clocked sequential cell  
The clock pin RUN_COUNT_TIME/min_reg[5]_P/C is not reached by a timing clock
Related violations: <none>

TIMING-17#107 Warning
Non-clocked sequential cell  
The clock pin RUN_COUNT_TIME/sec_reg[0]_C/C is not reached by a timing clock
Related violations: <none>

TIMING-17#108 Warning
Non-clocked sequential cell  
The clock pin RUN_COUNT_TIME/sec_reg[0]_P/C is not reached by a timing clock
Related violations: <none>

TIMING-17#109 Warning
Non-clocked sequential cell  
The clock pin RUN_COUNT_TIME/sec_reg[1]_C/C is not reached by a timing clock
Related violations: <none>

TIMING-17#110 Warning
Non-clocked sequential cell  
The clock pin RUN_COUNT_TIME/sec_reg[1]_P/C is not reached by a timing clock
Related violations: <none>

TIMING-17#111 Warning
Non-clocked sequential cell  
The clock pin RUN_COUNT_TIME/sec_reg[2]_C/C is not reached by a timing clock
Related violations: <none>

TIMING-17#112 Warning
Non-clocked sequential cell  
The clock pin RUN_COUNT_TIME/sec_reg[2]_P/C is not reached by a timing clock
Related violations: <none>

TIMING-17#113 Warning
Non-clocked sequential cell  
The clock pin RUN_COUNT_TIME/sec_reg[3]_C/C is not reached by a timing clock
Related violations: <none>

TIMING-17#114 Warning
Non-clocked sequential cell  
The clock pin RUN_COUNT_TIME/sec_reg[3]_P/C is not reached by a timing clock
Related violations: <none>

TIMING-17#115 Warning
Non-clocked sequential cell  
The clock pin RUN_COUNT_TIME/sec_reg[4]_C/C is not reached by a timing clock
Related violations: <none>

TIMING-17#116 Warning
Non-clocked sequential cell  
The clock pin RUN_COUNT_TIME/sec_reg[4]_P/C is not reached by a timing clock
Related violations: <none>

TIMING-17#117 Warning
Non-clocked sequential cell  
The clock pin RUN_COUNT_TIME/sec_reg[5]_C/C is not reached by a timing clock
Related violations: <none>

TIMING-17#118 Warning
Non-clocked sequential cell  
The clock pin RUN_COUNT_TIME/sec_reg[5]_P/C is not reached by a timing clock
Related violations: <none>

TIMING-17#119 Warning
Non-clocked sequential cell  
The clock pin SEG_MGMT/an_reg[0]/C is not reached by a timing clock
Related violations: <none>

TIMING-17#120 Warning
Non-clocked sequential cell  
The clock pin SEG_MGMT/counter_reg[0]/C is not reached by a timing clock
Related violations: <none>

TIMING-17#121 Warning
Non-clocked sequential cell  
The clock pin SEG_MGMT/counter_reg[1]/C is not reached by a timing clock
Related violations: <none>

TIMING-17#122 Warning
Non-clocked sequential cell  
The clock pin SET_COOK_TIME/debounce_min/Q1_reg/C is not reached by a timing clock
Related violations: <none>

TIMING-17#123 Warning
Non-clocked sequential cell  
The clock pin SET_COOK_TIME/debounce_min/Q2_bar_reg/C is not reached by a timing clock
Related violations: <none>

TIMING-17#124 Warning
Non-clocked sequential cell  
The clock pin SET_COOK_TIME/debounce_sec/Q1_reg/C is not reached by a timing clock
Related violations: <none>

TIMING-17#125 Warning
Non-clocked sequential cell  
The clock pin SET_COOK_TIME/debounce_sec/Q2_bar_reg/C is not reached by a timing clock
Related violations: <none>

TIMING-17#126 Warning
Non-clocked sequential cell  
The clock pin SET_COOK_TIME/min_reg[0]/C is not reached by a timing clock
Related violations: <none>

TIMING-17#127 Warning
Non-clocked sequential cell  
The clock pin SET_COOK_TIME/min_reg[1]/C is not reached by a timing clock
Related violations: <none>

TIMING-17#128 Warning
Non-clocked sequential cell  
The clock pin SET_COOK_TIME/min_reg[2]/C is not reached by a timing clock
Related violations: <none>

TIMING-17#129 Warning
Non-clocked sequential cell  
The clock pin SET_COOK_TIME/min_reg[3]/C is not reached by a timing clock
Related violations: <none>

TIMING-17#130 Warning
Non-clocked sequential cell  
The clock pin SET_COOK_TIME/min_reg[4]/C is not reached by a timing clock
Related violations: <none>

TIMING-17#131 Warning
Non-clocked sequential cell  
The clock pin SET_COOK_TIME/min_reg[5]/C is not reached by a timing clock
Related violations: <none>

TIMING-17#132 Warning
Non-clocked sequential cell  
The clock pin SET_COOK_TIME/sec_reg[0]/C is not reached by a timing clock
Related violations: <none>

TIMING-17#133 Warning
Non-clocked sequential cell  
The clock pin SET_COOK_TIME/sec_reg[1]/C is not reached by a timing clock
Related violations: <none>

TIMING-17#134 Warning
Non-clocked sequential cell  
The clock pin SET_COOK_TIME/sec_reg[2]/C is not reached by a timing clock
Related violations: <none>

TIMING-17#135 Warning
Non-clocked sequential cell  
The clock pin SET_COOK_TIME/sec_reg[3]/C is not reached by a timing clock
Related violations: <none>

TIMING-17#136 Warning
Non-clocked sequential cell  
The clock pin SET_COOK_TIME/sec_reg[4]/C is not reached by a timing clock
Related violations: <none>

TIMING-17#137 Warning
Non-clocked sequential cell  
The clock pin SET_COOK_TIME/sec_reg[5]/C is not reached by a timing clock
Related violations: <none>

TIMING-17#138 Warning
Non-clocked sequential cell  
The clock pin clk1_2hz/clk_out_reg/C is not reached by a timing clock
Related violations: <none>

TIMING-18#1 Warning
Missing input or output delay  
An input delay is missing on CookTime relative to clock(s) VIRTUAL_clk_out1_clk_wiz_0 
Related violations: <none>

TIMING-18#2 Warning
Missing input or output delay  
An input delay is missing on Start relative to clock(s) VIRTUAL_clk_out1_clk_wiz_0 
Related violations: <none>

TIMING-18#3 Warning
Missing input or output delay  
An input delay is missing on TimerEnable relative to clock(s) VIRTUAL_clk_out1_clk_wiz_0 
Related violations: <none>

TIMING-18#4 Warning
Missing input or output delay  
An input delay is missing on reset relative to clock(s) VIRTUAL_clk_out1_clk_wiz_0 
Related violations: <none>

TIMING-18#5 Warning
Missing input or output delay  
An output delay is missing on TimerOn relative to clock(s) VIRTUAL_clk_out1_clk_wiz_0 
Related violations: <none>

TIMING-20#1 Warning
Non-clocked latch  
The latch INCREMENT_COUNT_TIME/min_reg[0]_LDC cannot be properly analyzed as its control pin INCREMENT_COUNT_TIME/min_reg[0]_LDC/G is not reached by a timing clock
Related violations: <none>

TIMING-20#2 Warning
Non-clocked latch  
The latch INCREMENT_COUNT_TIME/min_reg[1]_LDC cannot be properly analyzed as its control pin INCREMENT_COUNT_TIME/min_reg[1]_LDC/G is not reached by a timing clock
Related violations: <none>

TIMING-20#3 Warning
Non-clocked latch  
The latch INCREMENT_COUNT_TIME/min_reg[2]_LDC cannot be properly analyzed as its control pin INCREMENT_COUNT_TIME/min_reg[2]_LDC/G is not reached by a timing clock
Related violations: <none>

TIMING-20#4 Warning
Non-clocked latch  
The latch INCREMENT_COUNT_TIME/min_reg[3]_LDC cannot be properly analyzed as its control pin INCREMENT_COUNT_TIME/min_reg[3]_LDC/G is not reached by a timing clock
Related violations: <none>

TIMING-20#5 Warning
Non-clocked latch  
The latch INCREMENT_COUNT_TIME/min_reg[4]_LDC cannot be properly analyzed as its control pin INCREMENT_COUNT_TIME/min_reg[4]_LDC/G is not reached by a timing clock
Related violations: <none>

TIMING-20#6 Warning
Non-clocked latch  
The latch INCREMENT_COUNT_TIME/min_reg[5]_LDC cannot be properly analyzed as its control pin INCREMENT_COUNT_TIME/min_reg[5]_LDC/G is not reached by a timing clock
Related violations: <none>

TIMING-20#7 Warning
Non-clocked latch  
The latch INCREMENT_COUNT_TIME/sec_reg[0]_LDC cannot be properly analyzed as its control pin INCREMENT_COUNT_TIME/sec_reg[0]_LDC/G is not reached by a timing clock
Related violations: <none>

TIMING-20#8 Warning
Non-clocked latch  
The latch INCREMENT_COUNT_TIME/sec_reg[1]_LDC cannot be properly analyzed as its control pin INCREMENT_COUNT_TIME/sec_reg[1]_LDC/G is not reached by a timing clock
Related violations: <none>

TIMING-20#9 Warning
Non-clocked latch  
The latch INCREMENT_COUNT_TIME/sec_reg[2]_LDC cannot be properly analyzed as its control pin INCREMENT_COUNT_TIME/sec_reg[2]_LDC/G is not reached by a timing clock
Related violations: <none>

TIMING-20#10 Warning
Non-clocked latch  
The latch INCREMENT_COUNT_TIME/sec_reg[3]_LDC cannot be properly analyzed as its control pin INCREMENT_COUNT_TIME/sec_reg[3]_LDC/G is not reached by a timing clock
Related violations: <none>

TIMING-20#11 Warning
Non-clocked latch  
The latch INCREMENT_COUNT_TIME/sec_reg[4]_LDC cannot be properly analyzed as its control pin INCREMENT_COUNT_TIME/sec_reg[4]_LDC/G is not reached by a timing clock
Related violations: <none>

TIMING-20#12 Warning
Non-clocked latch  
The latch INCREMENT_COUNT_TIME/sec_reg[5]_LDC cannot be properly analyzed as its control pin INCREMENT_COUNT_TIME/sec_reg[5]_LDC/G is not reached by a timing clock
Related violations: <none>

TIMING-20#13 Warning
Non-clocked latch  
The latch RUN_COUNT_TIME/min_reg[0]_LDC cannot be properly analyzed as its control pin RUN_COUNT_TIME/min_reg[0]_LDC/G is not reached by a timing clock
Related violations: <none>

TIMING-20#14 Warning
Non-clocked latch  
The latch RUN_COUNT_TIME/min_reg[1]_LDC cannot be properly analyzed as its control pin RUN_COUNT_TIME/min_reg[1]_LDC/G is not reached by a timing clock
Related violations: <none>

TIMING-20#15 Warning
Non-clocked latch  
The latch RUN_COUNT_TIME/min_reg[2]_LDC cannot be properly analyzed as its control pin RUN_COUNT_TIME/min_reg[2]_LDC/G is not reached by a timing clock
Related violations: <none>

TIMING-20#16 Warning
Non-clocked latch  
The latch RUN_COUNT_TIME/min_reg[3]_LDC cannot be properly analyzed as its control pin RUN_COUNT_TIME/min_reg[3]_LDC/G is not reached by a timing clock
Related violations: <none>

TIMING-20#17 Warning
Non-clocked latch  
The latch RUN_COUNT_TIME/min_reg[4]_LDC cannot be properly analyzed as its control pin RUN_COUNT_TIME/min_reg[4]_LDC/G is not reached by a timing clock
Related violations: <none>

TIMING-20#18 Warning
Non-clocked latch  
The latch RUN_COUNT_TIME/min_reg[5]_LDC cannot be properly analyzed as its control pin RUN_COUNT_TIME/min_reg[5]_LDC/G is not reached by a timing clock
Related violations: <none>

TIMING-20#19 Warning
Non-clocked latch  
The latch RUN_COUNT_TIME/sec_reg[0]_LDC cannot be properly analyzed as its control pin RUN_COUNT_TIME/sec_reg[0]_LDC/G is not reached by a timing clock
Related violations: <none>

TIMING-20#20 Warning
Non-clocked latch  
The latch RUN_COUNT_TIME/sec_reg[1]_LDC cannot be properly analyzed as its control pin RUN_COUNT_TIME/sec_reg[1]_LDC/G is not reached by a timing clock
Related violations: <none>

TIMING-20#21 Warning
Non-clocked latch  
The latch RUN_COUNT_TIME/sec_reg[2]_LDC cannot be properly analyzed as its control pin RUN_COUNT_TIME/sec_reg[2]_LDC/G is not reached by a timing clock
Related violations: <none>

TIMING-20#22 Warning
Non-clocked latch  
The latch RUN_COUNT_TIME/sec_reg[3]_LDC cannot be properly analyzed as its control pin RUN_COUNT_TIME/sec_reg[3]_LDC/G is not reached by a timing clock
Related violations: <none>

TIMING-20#23 Warning
Non-clocked latch  
The latch RUN_COUNT_TIME/sec_reg[4]_LDC cannot be properly analyzed as its control pin RUN_COUNT_TIME/sec_reg[4]_LDC/G is not reached by a timing clock
Related violations: <none>

TIMING-20#24 Warning
Non-clocked latch  
The latch RUN_COUNT_TIME/sec_reg[5]_LDC cannot be properly analyzed as its control pin RUN_COUNT_TIME/sec_reg[5]_LDC/G is not reached by a timing clock
Related violations: <none>


