Unable to capture context for thread 12652 in process 12584, can not generate back trace
Unable to capture context for thread 12652 in process 12584, can not generate back trace
Exception at PC 0x00007FFCD54FA859
Exception at PC 0x00007FFC34D7BB93
Printing stacktrace...

Exception at PC 0x00007FFCD54FA859
Exception at PC 0x00007FFCD54FA859
Exception at PC 0x00007FFCD54FA859
Exception at PC 0x00007FFCD54FA859
Exception at PC 0x00007FFCD54FA859
Exception at PC 0x00007FFCD54FA859
Exception at PC 0x00007FFCD54FA859
Exception at PC 0x00007FFCD54FA859
Exception at PC 0x00007FFCD54FA859
Exception at PC 0x00007FFCD54FA859
Exception at PC 0x00007FFCD54FA859
Exception at PC 0x00007FFCD54FA859
[0]  [0x00007FFC34D7BB93]
[1]  [0x00007FFC34D7BB93]
[2]  [0x00007FFC34D7B4A1]
[3]  [0x00007FFC34D7B3EF]
[4]  [0x00007FFC34D619FE]
[5]  [0x00007FFC34D60ED1]
[6]  [0x00007FFC34D60D76]
[7]  [0x00007FFC34D079F6]
[8]  [0x00007FFC34CF7AFB]
[9]  [0x00007FFC34E1E90A]
[10]  [0x00007FFC34E39F87]
[11]  [0x00007FFC34E3A05F]
[12] (BaseThreadInitThunk+0x14) [0x00007FFCD7147BD4]
[13] (RtlUserThreadStart+0x21) [0x00007FFCD7A6CED1]
Done
Exception at PC 0x00007FFCD54FA859
Exception at PC 0x00007FFCD54FA859
Exception at PC 0x00007FFCD54FA859
Exception at PC 0x00007FFCD54FA859
Exception at PC 0x00007FFCD54FA859
