INFO: [VRFC 10-2263] Analyzing Verilog file "C:/Users/nelso/OneDrive/Documents/GitHub/Egg-Timer/EggsD.srcs/sources_1/imports/new/debouncer.v" into library xil_defaultlib
INFO: [VRFC 10-311] analyzing module debouncer
INFO: [VRFC 10-2263] Analyzing Verilog file "C:/Users/nelso/OneDrive/Documents/GitHub/Egg-Timer/EggsD.srcs/sources_1/imports/new/div59.v" into library xil_defaultlib
INFO: [VRFC 10-311] analyzing module div59
INFO: [VRFC 10-2263] Analyzing Verilog file "C:/Users/nelso/OneDrive/Documents/GitHub/Egg-Timer/EggsD.srcs/sources_1/imports/new/bcdto7segment.v" into library xil_defaultlib
INFO: [VRFC 10-311] analyzing module bcdto7segment
INFO: [VRFC 10-2263] Analyzing Verilog file "C:/Users/nelso/OneDrive/Documents/GitHub/Egg-Timer/EggsD.srcs/sources_1/ip/clk_wiz_0/clk_wiz_0_sim_netlist.v" into library xil_defaultlib
INFO: [VRFC 10-311] analyzing module clk_wiz_0
INFO: [VRFC 10-311] analyzing module clk_wiz_0_clk_wiz_0_clk_wiz
INFO: [VRFC 10-311] analyzing module glbl
INFO: [VRFC 10-2263] Analyzing Verilog file "C:/Users/nelso/OneDrive/Documents/GitHub/Egg-Timer/EggsD.srcs/sources_1/new/clk_div_5M.v" into library xil_defaultlib
INFO: [VRFC 10-311] analyzing module clk_div_5M
INFO: [VRFC 10-2263] Analyzing Verilog file "C:/Users/nelso/OneDrive/Documents/GitHub/Egg-Timer/EggsD.srcs/sources_1/new/clk10hz.v" into library xil_defaultlib
INFO: [VRFC 10-311] analyzing module clk10hz
INFO: [VRFC 10-2263] Analyzing Verilog file "C:/Users/nelso/OneDrive/Documents/GitHub/Egg-Timer/EggsD.srcs/sources_1/new/IncrementTime.v" into library xil_defaultlib
INFO: [VRFC 10-311] analyzing module IncrementTime
INFO: [VRFC 10-2263] Analyzing Verilog file "C:/Users/nelso/OneDrive/Documents/GitHub/Egg-Timer/EggsD.srcs/sources_1/new/CountDownTime.v" into library xil_defaultlib
INFO: [VRFC 10-311] analyzing module CountDownTime
INFO: [VRFC 10-2263] Analyzing Verilog file "C:/Users/nelso/OneDrive/Documents/GitHub/Egg-Timer/EggsD.srcs/sources_1/new/SegMgmt.v" into library xil_defaultlib
INFO: [VRFC 10-311] analyzing module SegMgmt
INFO: [VRFC 10-2263] Analyzing Verilog file "C:/Users/nelso/OneDrive/Documents/GitHub/Egg-Timer/EggsD.srcs/sources_1/new/EggsD.v" into library xil_defaultlib
INFO: [VRFC 10-311] analyzing module EggsD
INFO: [VRFC 10-2263] Analyzing Verilog file "C:/Users/nelso/OneDrive/Documents/GitHub/Egg-Timer/EggsD.srcs/sim_1/imports/Downloads/Egg_TimerTB.v" into library xil_defaultlib
INFO: [VRFC 10-311] analyzing module Egg_TimerTB
INFO: [VRFC 10-2263] Analyzing Verilog file "C:/Users/nelso/OneDrive/Documents/GitHub/Egg-Timer/EggsD.sim/sim_1/behav/glbl.v" into library xil_defaultlib
INFO: [VRFC 10-311] analyzing module glbl
WARNING: [VRFC 10-1195] overwriting previous definition of module glbl [C:/Users/nelso/OneDrive/Documents/GitHub/Egg-Timer/EggsD.sim/sim_1/behav/glbl.v:6]
